ViewAndLayout/HW10_8/app/build/intermediates/manifest_merge_blame_file/debug/manifest-merger-blame-debug-report.txt
1<?xml version="1.0" encoding="utf-8"?>
2<manifest xmlns:android="http://schemas.android.com/apk/res/android"
3    package="com.smolianinovasiuzanna.hw10_8"
4    android:versionCode="1"
5    android:versionName="1.0" >
6
7    <uses-sdk
8        android:minSdkVersion="21"
8-->src\main\AndroidManifest.xml
9        android:targetSdkVersion="30" />
9-->src\main\AndroidManifest.xml
10
11    <uses-permission android:name="android.permission.INTERNET" />
11-->src\main\AndroidManifest.xml:5:5-66
11-->src\main\AndroidManifest.xml:5:22-64
12    <!--
13    Allows Glide to monitor connectivity status and restart failed requests if users go from a
14    a disconnected to a connected network state.
15    -->
16    <uses-permission android:name="android.permission.ACCESS_NETWORK_STATE" />
16-->src\main\AndroidManifest.xml:10:5-79
16-->src\main\AndroidManifest.xml:10:22-76
17    <uses-permission android:name="android.permission.READ_EXTERNAL_STORAGE" />
17-->src\main\AndroidManifest.xml:11:5-80
17-->src\main\AndroidManifest.xml:11:22-77
18    <uses-permission android:name="android.permission.WRITE_EXTERNAL_STORAGE" />
18-->src\main\AndroidManifest.xml:12:5-81
18-->src\main\AndroidManifest.xml:12:22-78
19
20    <application
20-->src\main\AndroidManifest.xml:14:5-28:19
21        android:allowBackup="true"
21-->src\main\AndroidManifest.xml:15:9-35
22        android:appComponentFactory="androidx.core.app.CoreComponentFactory"
22-->[androidx.core:core:1.3.2] AndroidManifest.xml:24:18-86
23        android:debuggable="true"
24        android:icon="@mipmap/ic_launcher"
24-->src\main\AndroidManifest.xml:16:9-43
25        android:label="@string/app_name"
25-->src\main\AndroidManifest.xml:17:9-41
26        android:roundIcon="@mipmap/ic_launcher_round"
26-->src\main\AndroidManifest.xml:18:9-54
27        android:supportsRtl="true"
27-->src\main\AndroidManifest.xml:19:9-35
28        android:testOnly="true"
29        android:theme="@style/Theme.HW10_8" >
29-->src\main\AndroidManifest.xml:20:9-44
30        <activity android:name="com.smolianinovasiuzanna.hw10_8.MainActivity" >
30-->src\main\AndroidManifest.xml:21:9-27:20
30-->src\main\AndroidManifest.xml:21:19-47
31            <intent-filter>
31-->src\main\AndroidManifest.xml:22:13-26:29
32                <action android:name="android.intent.action.MAIN" />
32-->src\main\AndroidManifest.xml:23:17-69
32-->src\main\AndroidManifest.xml:23:25-66
33
34                <category android:name="android.intent.category.LAUNCHER" />
34-->src\main\AndroidManifest.xml:25:17-77
34-->src\main\AndroidManifest.xml:25:27-74
35            </intent-filter>
36        </activity>
37    </application>
38
39</manifest>